2017-02-17 16:27:22,797 INFO  [org.jboss.modules] (main) JBoss Modules version 1.5.2.Final
2017-02-17 16:27:24,370 INFO  [org.jboss.msc] (main) JBoss MSC version 1.2.6.Final
2017-02-17 16:27:24,482 INFO  [org.jboss.as] (MSC service thread 1-8) WFLYSRV0049: WildFly Full 10.1.0.Final (WildFly Core 2.2.0.Final) starting
2017-02-17 16:27:24,498 DEBUG [org.jboss.as.config] (MSC service thread 1-8) Configured system properties:
	[Standalone] = 
	awt.toolkit = sun.lwawt.macosx.LWCToolkit
	file.encoding = UTF-8
	file.encoding.pkg = sun.io
	file.separator = /
	gopherProxySet = false
	java.awt.graphicsenv = sun.awt.CGraphicsEnvironment
	java.awt.printerjob = sun.lwawt.macosx.CPrinterJob
	java.class.path = /Users/adam/Dropbox/Uni/shiftyspring/target/wildfly-run/wildfly-10.1.0.Final/jboss-modules.jar
	java.class.version = 52.0
	java.endorsed.dirs = /Library/Java/JavaVirtualMachines/jdk1.8.0_112.jdk/Contents/Home/jre/lib/endorsed
	java.ext.dirs = /Users/adam/Library/Java/Extensions:/Library/Java/JavaVirtualMachines/jdk1.8.0_112.jdk/Contents/Home/jre/lib/ext:/Library/Java/Extensions:/Network/Library/Java/Extensions:/System/Library/Java/Extensions:/usr/lib/java
	java.home = /Library/Java/JavaVirtualMachines/jdk1.8.0_112.jdk/Contents/Home/jre
	java.io.tmpdir = /var/folders/rk/79h80xbn4kn5qw2dcpgzd5j80000gn/T/
	java.library.path = /Users/adam/Library/Java/Extensions:/Library/Java/Extensions:/Network/Library/Java/Extensions:/System/Library/Java/Extensions:/usr/lib/java:.
	java.runtime.name = Java(TM) SE Runtime Environment
	java.runtime.version = 1.8.0_112-b16
	java.specification.name = Java Platform API Specification
	java.specification.vendor = Oracle Corporation
	java.specification.version = 1.8
	java.util.logging.manager = org.jboss.logmanager.LogManager
	java.vendor = Oracle Corporation
	java.vendor.url = http://java.oracle.com/
	java.vendor.url.bug = http://bugreport.sun.com/bugreport/
	java.version = 1.8.0_112
	java.vm.info = mixed mode
	java.vm.name = Java HotSpot(TM) 64-Bit Server VM
	java.vm.specification.name = Java Virtual Machine Specification
	java.vm.specification.vendor = Oracle Corporation
	java.vm.specification.version = 1.8
	java.vm.vendor = Oracle Corporation
	java.vm.version = 25.112-b16
	javax.management.builder.initial = org.jboss.as.jmx.PluggableMBeanServerBuilder
	javax.xml.datatype.DatatypeFactory = __redirected.__DatatypeFactory
	javax.xml.parsers.DocumentBuilderFactory = __redirected.__DocumentBuilderFactory
	javax.xml.parsers.SAXParserFactory = __redirected.__SAXParserFactory
	javax.xml.stream.XMLEventFactory = __redirected.__XMLEventFactory
	javax.xml.stream.XMLInputFactory = __redirected.__XMLInputFactory
	javax.xml.stream.XMLOutputFactory = __redirected.__XMLOutputFactory
	javax.xml.transform.TransformerFactory = __redirected.__TransformerFactory
	javax.xml.validation.SchemaFactory:http://www.w3.org/2001/XMLSchema = __redirected.__SchemaFactory
	javax.xml.xpath.XPathFactory:http://java.sun.com/jaxp/xpath/dom = __redirected.__XPathFactory
	jboss.home.dir = /Users/adam/Dropbox/Uni/shiftyspring/target/wildfly-run/wildfly-10.1.0.Final
	jboss.host.name = ln-mowifi-05-10
	jboss.modules.dir = /Users/adam/Dropbox/Uni/shiftyspring/target/wildfly-run/wildfly-10.1.0.Final/modules
	jboss.node.name = ln-mowifi-05-10
	jboss.qualified.host.name = ln-mowifi-05-10.1.48.231.net.brighton.ac.uk
	jboss.server.base.dir = /Users/adam/Dropbox/Uni/shiftyspring/target/wildfly-run/wildfly-10.1.0.Final/standalone
	jboss.server.config.dir = /Users/adam/Dropbox/Uni/shiftyspring/target/wildfly-run/wildfly-10.1.0.Final/standalone/configuration
	jboss.server.data.dir = /Users/adam/Dropbox/Uni/shiftyspring/target/wildfly-run/wildfly-10.1.0.Final/standalone/data
	jboss.server.deploy.dir = /Users/adam/Dropbox/Uni/shiftyspring/target/wildfly-run/wildfly-10.1.0.Final/standalone/data/content
	jboss.server.log.dir = /Users/adam/Dropbox/Uni/shiftyspring/target/wildfly-run/wildfly-10.1.0.Final/standalone/log
	jboss.server.name = ln-mowifi-05-10
	jboss.server.persist.config = true
	jboss.server.temp.dir = /Users/adam/Dropbox/Uni/shiftyspring/target/wildfly-run/wildfly-10.1.0.Final/standalone/tmp
	line.separator = 

	logging.configuration = file:/Users/adam/Dropbox/Uni/shiftyspring/target/wildfly-run/wildfly-10.1.0.Final/standalone/configuration/logging.properties
	module.path = /Users/adam/Dropbox/Uni/shiftyspring/target/wildfly-run/wildfly-10.1.0.Final/modules
	org.jboss.boot.log.file = /Users/adam/Dropbox/Uni/shiftyspring/target/wildfly-run/wildfly-10.1.0.Final/standalone/log/server.log
	org.jboss.resolver.warning = true
	org.xml.sax.driver = __redirected.__XMLReaderFactory
	os.arch = x86_64
	os.name = Mac OS X
	os.version = 10.11.6
	path.separator = :
	sun.arch.data.model = 64
	sun.boot.class.path = /Library/Java/JavaVirtualMachines/jdk1.8.0_112.jdk/Contents/Home/jre/lib/resources.jar:/Library/Java/JavaVirtualMachines/jdk1.8.0_112.jdk/Contents/Home/jre/lib/rt.jar:/Library/Java/JavaVirtualMachines/jdk1.8.0_112.jdk/Contents/Home/jre/lib/sunrsasign.jar:/Library/Java/JavaVirtualMachines/jdk1.8.0_112.jdk/Contents/Home/jre/lib/jsse.jar:/Library/Java/JavaVirtualMachines/jdk1.8.0_112.jdk/Contents/Home/jre/lib/jce.jar:/Library/Java/JavaVirtualMachines/jdk1.8.0_112.jdk/Contents/Home/jre/lib/charsets.jar:/Library/Java/JavaVirtualMachines/jdk1.8.0_112.jdk/Contents/Home/jre/lib/jfr.jar:/Library/Java/JavaVirtualMachines/jdk1.8.0_112.jdk/Contents/Home/jre/classes
	sun.boot.library.path = /Library/Java/JavaVirtualMachines/jdk1.8.0_112.jdk/Contents/Home/jre/lib
	sun.cpu.endian = little
	sun.cpu.isalist = 
	sun.io.unicode.encoding = UnicodeBig
	sun.java.command = /Users/adam/Dropbox/Uni/shiftyspring/target/wildfly-run/wildfly-10.1.0.Final/jboss-modules.jar -mp /Users/adam/Dropbox/Uni/shiftyspring/target/wildfly-run/wildfly-10.1.0.Final/modules org.jboss.as.standalone -Djboss.home.dir=/Users/adam/Dropbox/Uni/shiftyspring/target/wildfly-run/wildfly-10.1.0.Final -Djboss.server.base.dir=/Users/adam/Dropbox/Uni/shiftyspring/target/wildfly-run/wildfly-10.1.0.Final/standalone -Djboss.server.log.dir=/Users/adam/Dropbox/Uni/shiftyspring/target/wildfly-run/wildfly-10.1.0.Final/standalone/log -Djboss.server.config.dir=/Users/adam/Dropbox/Uni/shiftyspring/target/wildfly-run/wildfly-10.1.0.Final/standalone/configuration
	sun.java.launcher = SUN_STANDARD
	sun.jnu.encoding = UTF-8
	sun.management.compiler = HotSpot 64-Bit Tiered Compilers
	sun.os.patch.level = unknown
	user.country = US
	user.country.format = GB
	user.dir = /Users/adam/Dropbox/Uni/shiftyspring
	user.home = /Users/adam
	user.language = en
	user.name = adam
	user.timezone = Europe/London
2017-02-17 16:27:24,500 DEBUG [org.jboss.as.config] (MSC service thread 1-8) VM Arguments: -D[Standalone] -Dorg.jboss.boot.log.file=/Users/adam/Dropbox/Uni/shiftyspring/target/wildfly-run/wildfly-10.1.0.Final/standalone/log/server.log -Dlogging.configuration=file:/Users/adam/Dropbox/Uni/shiftyspring/target/wildfly-run/wildfly-10.1.0.Final/standalone/configuration/logging.properties 
2017-02-17 16:27:26,151 INFO  [org.jboss.as.server] (Controller Boot Thread) WFLYSRV0039: Creating http management service using socket-binding (management-http)
2017-02-17 16:27:26,186 INFO  [org.xnio] (MSC service thread 1-3) XNIO version 3.4.0.Final
2017-02-17 16:27:26,197 INFO  [org.xnio.nio] (MSC service thread 1-3) XNIO NIO Implementation Version 3.4.0.Final
2017-02-17 16:27:26,266 INFO  [org.wildfly.extension.io] (ServerService Thread Pool -- 37) WFLYIO001: Worker 'default' has auto-configured to 16 core threads with 128 task threads based on your 8 available processors
2017-02-17 16:27:26,265 INFO  [org.jboss.as.clustering.infinispan] (ServerService Thread Pool -- 38) WFLYCLINF0001: Activating Infinispan subsystem.
2017-02-17 16:27:26,280 INFO  [org.jboss.as.naming] (ServerService Thread Pool -- 46) WFLYNAM0001: Activating Naming Subsystem
2017-02-17 16:27:26,291 INFO  [org.jboss.as.jsf] (ServerService Thread Pool -- 44) WFLYJSF0007: Activated the following JSF Implementations: [main]
2017-02-17 16:27:26,336 INFO  [org.jboss.as.connector] (MSC service thread 1-5) WFLYJCA0009: Starting JCA Subsystem (WildFly/IronJacamar 1.3.4.Final)
2017-02-17 16:27:26,337 WARN  [org.jboss.as.txn] (ServerService Thread Pool -- 54) WFLYTX0013: Node identifier property is set to the default value. Please make sure it is unique.
2017-02-17 16:27:26,502 INFO  [org.jboss.as.webservices] (ServerService Thread Pool -- 56) WFLYWS0002: Activating WebServices Extension
2017-02-17 16:27:26,502 INFO  [org.jboss.as.security] (ServerService Thread Pool -- 53) WFLYSEC0002: Activating Security Subsystem
2017-02-17 16:27:26,513 INFO  [org.wildfly.extension.undertow] (MSC service thread 1-6) WFLYUT0003: Undertow 1.4.0.Final starting
2017-02-17 16:27:26,516 INFO  [org.jboss.as.security] (MSC service thread 1-7) WFLYSEC0001: Current PicketBox version=4.9.6.Final
2017-02-17 16:27:26,516 INFO  [org.jboss.as.connector.subsystems.datasources] (ServerService Thread Pool -- 33) WFLYJCA0004: Deploying JDBC-compliant driver class org.h2.Driver (version 1.3)
2017-02-17 16:27:26,520 INFO  [org.jboss.as.naming] (MSC service thread 1-3) WFLYNAM0003: Starting Naming Service
2017-02-17 16:27:26,521 INFO  [org.jboss.as.mail.extension] (MSC service thread 1-8) WFLYMAIL0001: Bound mail session [java:jboss/mail/Default]
2017-02-17 16:27:26,527 INFO  [org.jboss.as.connector.deployers.jdbc] (MSC service thread 1-4) WFLYJCA0018: Started Driver service with driver-name = h2
2017-02-17 16:27:26,600 INFO  [org.jboss.remoting] (MSC service thread 1-5) JBoss Remoting version 4.0.21.Final
2017-02-17 16:27:26,786 INFO  [org.wildfly.extension.undertow] (ServerService Thread Pool -- 55) WFLYUT0014: Creating file handler for path '/Users/adam/Dropbox/Uni/shiftyspring/target/wildfly-run/wildfly-10.1.0.Final/welcome-content' with options [directory-listing: 'false', follow-symlink: 'false', case-sensitive: 'true', safe-symlink-paths: '[]']
2017-02-17 16:27:26,846 INFO  [org.wildfly.extension.undertow] (MSC service thread 1-7) WFLYUT0012: Started server default-server.
2017-02-17 16:27:26,855 INFO  [org.wildfly.extension.undertow] (MSC service thread 1-8) WFLYUT0018: Host default-host starting
2017-02-17 16:27:26,986 INFO  [org.jboss.as.ejb3] (MSC service thread 1-1) WFLYEJB0481: Strict pool slsb-strict-max-pool is using a max instance size of 128 (per class), which is derived from thread worker pool sizing.
2017-02-17 16:27:26,986 INFO  [org.jboss.as.ejb3] (MSC service thread 1-4) WFLYEJB0482: Strict pool mdb-strict-max-pool is using a max instance size of 32 (per class), which is derived from the number of CPUs on this host.
2017-02-17 16:27:27,001 INFO  [org.wildfly.extension.undertow] (MSC service thread 1-7) WFLYUT0006: Undertow HTTP listener default listening on 127.0.0.1:8080
2017-02-17 16:27:27,242 INFO  [org.jboss.as.connector.subsystems.datasources] (MSC service thread 1-5) WFLYJCA0001: Bound data source [java:jboss/datasources/ExampleDS]
2017-02-17 16:27:27,487 WARN  [org.jboss.as.domain.management.security] (MSC service thread 1-6) WFLYDM0111: Keystore /Users/adam/Dropbox/Uni/shiftyspring/target/wildfly-run/wildfly-10.1.0.Final/standalone/configuration/application.keystore not found, it will be auto generated on first use with a self signed certificate for host localhost
2017-02-17 16:27:27,542 INFO  [org.jboss.as.server.deployment.scanner] (MSC service thread 1-7) WFLYDS0013: Started FileSystemDeploymentService for directory /Users/adam/Dropbox/Uni/shiftyspring/target/wildfly-run/wildfly-10.1.0.Final/standalone/deployments
2017-02-17 16:27:27,847 INFO  [org.infinispan.factories.GlobalComponentRegistry] (MSC service thread 1-3) ISPN000128: Infinispan version: Infinispan 'Chakra' 8.2.4.Final
2017-02-17 16:27:27,890 INFO  [org.infinispan.configuration.cache.EvictionConfigurationBuilder] (ServerService Thread Pool -- 64) ISPN000152: Passivation configured without an eviction policy being selected. Only manually evicted entities will be passivated.
2017-02-17 16:27:27,890 INFO  [org.infinispan.configuration.cache.EvictionConfigurationBuilder] (ServerService Thread Pool -- 60) ISPN000152: Passivation configured without an eviction policy being selected. Only manually evicted entities will be passivated.
2017-02-17 16:27:27,890 INFO  [org.infinispan.configuration.cache.EvictionConfigurationBuilder] (ServerService Thread Pool -- 61) ISPN000152: Passivation configured without an eviction policy being selected. Only manually evicted entities will be passivated.
2017-02-17 16:27:27,892 INFO  [org.infinispan.configuration.cache.EvictionConfigurationBuilder] (ServerService Thread Pool -- 60) ISPN000152: Passivation configured without an eviction policy being selected. Only manually evicted entities will be passivated.
2017-02-17 16:27:27,892 INFO  [org.infinispan.configuration.cache.EvictionConfigurationBuilder] (ServerService Thread Pool -- 64) ISPN000152: Passivation configured without an eviction policy being selected. Only manually evicted entities will be passivated.
2017-02-17 16:27:27,893 INFO  [org.infinispan.configuration.cache.EvictionConfigurationBuilder] (ServerService Thread Pool -- 61) ISPN000152: Passivation configured without an eviction policy being selected. Only manually evicted entities will be passivated.
2017-02-17 16:27:27,944 INFO  [org.wildfly.extension.undertow] (MSC service thread 1-6) WFLYUT0006: Undertow HTTPS listener https listening on 127.0.0.1:8443
2017-02-17 16:27:28,140 INFO  [org.jboss.ws.common.management] (MSC service thread 1-7) JBWS022052: Starting JBossWS 5.1.5.Final (Apache CXF 3.1.6) 
2017-02-17 16:27:28,377 INFO  [org.jboss.as] (Controller Boot Thread) WFLYSRV0060: Http management interface listening on http://127.0.0.1:9990/management
2017-02-17 16:27:28,379 INFO  [org.jboss.as] (Controller Boot Thread) WFLYSRV0051: Admin console listening on http://127.0.0.1:9990
2017-02-17 16:27:28,379 INFO  [org.jboss.as] (Controller Boot Thread) WFLYSRV0025: WildFly Full 10.1.0.Final (WildFly Core 2.2.0.Final) started in 6321ms - Started 331 of 577 services (393 services are lazy, passive or on-demand)
2017-02-17 16:27:29,477 INFO  [org.jboss.as.repository] (management-handler-thread - 2) WFLYDR0001: Content added at location /Users/adam/Dropbox/Uni/shiftyspring/target/wildfly-run/wildfly-10.1.0.Final/standalone/data/content/19/aa1197ff5d8a8e33d5a626b2ab87879c80ad4a/content
2017-02-17 16:27:29,523 INFO  [org.jboss.as.server.deployment] (MSC service thread 1-2) WFLYSRV0027: Starting deployment of "shiftyspring-1.0-SNAPSHOT.war" (runtime-name: "shiftyspring-1.0-SNAPSHOT.war")
2017-02-17 16:27:36,035 INFO  [org.jboss.weld.deployer] (MSC service thread 1-3) WFLYWELD0003: Processing weld deployment shiftyspring-1.0-SNAPSHOT.war
2017-02-17 16:27:36,164 INFO  [org.hibernate.validator.internal.util.Version] (MSC service thread 1-3) HV000001: Hibernate Validator 5.2.4.Final
2017-02-17 16:27:36,355 INFO  [org.springframework.data.jpa.repository.cdi.JpaRepositoryExtension] (MSC service thread 1-3) Activating CDI extension for Spring Data JPA repositories.
2017-02-17 16:27:36,584 INFO  [org.jboss.as.connector.deployers.jdbc] (MSC service thread 1-7) WFLYJCA0004: Deploying JDBC-compliant driver class org.h2.Driver (version 1.4)
2017-02-17 16:27:36,589 INFO  [org.jboss.as.connector.deployers.jdbc] (MSC service thread 1-7) WFLYJCA0005: Deploying non-JDBC-compliant driver class org.postgresql.Driver (version 9.2)
2017-02-17 16:27:36,690 INFO  [org.jboss.weld.Version] (MSC service thread 1-7) WELD-000900: 2.3.5 (Final)
2017-02-17 16:27:36,770 INFO  [org.jboss.as.connector.deployers.jdbc] (MSC service thread 1-2) WFLYJCA0018: Started Driver service with driver-name = shiftyspring-1.0-SNAPSHOT.war_org.postgresql.Driver_9_2
2017-02-17 16:27:36,772 INFO  [org.jboss.as.connector.deployers.jdbc] (MSC service thread 1-3) WFLYJCA0018: Started Driver service with driver-name = shiftyspring-1.0-SNAPSHOT.war_org.h2.Driver_1_4
2017-02-17 16:27:37,298 INFO  [org.jboss.weld.Event] (MSC service thread 1-2) WELD-000411: Observer method [BackedAnnotatedMethod] protected org.springframework.data.repository.cdi.CdiRepositoryExtensionSupport.processAnnotatedType(@Observes ProcessAnnotatedType<X>) receives events for all annotated types. Consider restricting events using @WithAnnotations or a generic type with bounds.
2017-02-17 16:27:38,518 INFO  [io.undertow.servlet] (ServerService Thread Pool -- 23) 2 Spring WebApplicationInitializers detected on classpath
2017-02-17 16:27:39,308 INFO  [stdout] (ServerService Thread Pool -- 23) 
2017-02-17 16:27:39,309 INFO  [stdout] (ServerService Thread Pool -- 23)   .   ____          _            __ _ _
2017-02-17 16:27:39,309 INFO  [stdout] (ServerService Thread Pool -- 23)  /\\ / ___'_ __ _ _(_)_ __  __ _ \ \ \ \
2017-02-17 16:27:39,310 INFO  [stdout] (ServerService Thread Pool -- 23) ( ( )\___ | '_ | '_| | '_ \/ _` | \ \ \ \
2017-02-17 16:27:39,310 INFO  [stdout] (ServerService Thread Pool -- 23)  \\/  ___)| |_)| | | | | || (_| |  ) ) ) )
2017-02-17 16:27:39,310 INFO  [stdout] (ServerService Thread Pool -- 23)   '  |____| .__|_| |_|_| |_\__, | / / / /
2017-02-17 16:27:39,310 INFO  [stdout] (ServerService Thread Pool -- 23)  =========|_|==============|___/=/_/_/_/
2017-02-17 16:27:39,312 INFO  [stdout] (ServerService Thread Pool -- 23)  :: Spring Boot ::        (v1.5.1.RELEASE)
2017-02-17 16:27:39,312 INFO  [stdout] (ServerService Thread Pool -- 23) 
2017-02-17 16:27:39,426 INFO  [something.Application] (ServerService Thread Pool -- 23) Starting Application on ln-mowifi-05-10.1.48.231.net.brighton.ac.uk with PID 34833 (started by adam in /Users/adam/Dropbox/Uni/shiftyspring)
2017-02-17 16:27:39,427 INFO  [something.Application] (ServerService Thread Pool -- 23) No active profile set, falling back to default profiles: default
2017-02-17 16:27:39,573 INFO  [org.springframework.boot.context.embedded.AnnotationConfigEmbeddedWebApplicationContext] (ServerService Thread Pool -- 23) Refreshing org.springframework.boot.context.embedded.AnnotationConfigEmbeddedWebApplicationContext@6c5bbc8: startup date [Fri Feb 17 16:27:39 GMT 2017]; root of context hierarchy
2017-02-17 16:27:41,946 INFO  [org.springframework.beans.factory.annotation.AutowiredAnnotationBeanPostProcessor] (ServerService Thread Pool -- 23) JSR-330 'javax.inject.Inject' annotation found and supported for autowiring
2017-02-17 16:27:42,085 INFO  [org.springframework.context.support.PostProcessorRegistrationDelegate$BeanPostProcessorChecker] (ServerService Thread Pool -- 23) Bean 'org.springframework.boot.autoconfigure.validation.ValidationAutoConfiguration' of type [class org.springframework.boot.autoconfigure.validation.ValidationAutoConfiguration] is not eligible for getting processed by all BeanPostProcessors (for example: not eligible for auto-proxying)
2017-02-17 16:27:42,113 INFO  [org.springframework.context.support.PostProcessorRegistrationDelegate$BeanPostProcessorChecker] (ServerService Thread Pool -- 23) Bean 'validator' of type [class org.springframework.validation.beanvalidation.LocalValidatorFactoryBean] is not eligible for getting processed by all BeanPostProcessors (for example: not eligible for auto-proxying)
2017-02-17 16:27:42,173 INFO  [org.springframework.context.support.PostProcessorRegistrationDelegate$BeanPostProcessorChecker] (ServerService Thread Pool -- 23) Bean 'org.springframework.transaction.annotation.ProxyTransactionManagementConfiguration' of type [class org.springframework.transaction.annotation.ProxyTransactionManagementConfiguration$$EnhancerBySpringCGLIB$$66aa77c0] is not eligible for getting processed by all BeanPostProcessors (for example: not eligible for auto-proxying)
2017-02-17 16:27:42,259 INFO  [io.undertow.servlet] (ServerService Thread Pool -- 23) Initializing Spring embedded WebApplicationContext
2017-02-17 16:27:42,259 INFO  [org.springframework.web.context.ContextLoader] (ServerService Thread Pool -- 23) Root WebApplicationContext: initialization completed in 2687 ms
2017-02-17 16:27:43,130 INFO  [org.springframework.boot.web.servlet.ServletRegistrationBean] (ServerService Thread Pool -- 23) Mapping servlet: 'dispatcherServlet' to [/]
2017-02-17 16:27:43,151 INFO  [org.springframework.boot.web.servlet.FilterRegistrationBean] (ServerService Thread Pool -- 23) Mapping filter: 'errorPageFilter' to: [/*]
2017-02-17 16:27:43,154 INFO  [org.springframework.boot.web.servlet.FilterRegistrationBean] (ServerService Thread Pool -- 23) Mapping filter: 'characterEncodingFilter' to: [/*]
2017-02-17 16:27:43,154 INFO  [org.springframework.boot.web.servlet.FilterRegistrationBean] (ServerService Thread Pool -- 23) Mapping filter: 'hiddenHttpMethodFilter' to: [/*]
2017-02-17 16:27:43,154 INFO  [org.springframework.boot.web.servlet.FilterRegistrationBean] (ServerService Thread Pool -- 23) Mapping filter: 'httpPutFormContentFilter' to: [/*]
2017-02-17 16:27:43,155 INFO  [org.springframework.boot.web.servlet.FilterRegistrationBean] (ServerService Thread Pool -- 23) Mapping filter: 'requestContextFilter' to: [/*]
2017-02-17 16:27:44,288 INFO  [org.springframework.transaction.jta.JtaTransactionManager] (ServerService Thread Pool -- 23) Using JTA UserTransaction: org.jboss.tm.usertx.client.ServerVMClientUserTransaction@512c38bd
2017-02-17 16:27:44,288 INFO  [org.springframework.transaction.jta.JtaTransactionManager] (ServerService Thread Pool -- 23) Using JTA TransactionManager: com.arjuna.ats.jbossatx.jta.TransactionManagerDelegate@77f50f29
2017-02-17 16:27:44,289 INFO  [org.springframework.transaction.jta.JtaTransactionManager] (ServerService Thread Pool -- 23) Using JTA TransactionSynchronizationRegistry: org.jboss.as.txn.service.internal.tsr.TransactionSynchronizationRegistryWrapper@501a254c
2017-02-17 16:27:44,599 INFO  [org.springframework.orm.jpa.LocalContainerEntityManagerFactoryBean] (ServerService Thread Pool -- 23) Building JPA container EntityManagerFactory for persistence unit 'default'
2017-02-17 16:27:44,626 INFO  [org.hibernate.jpa.internal.util.LogHelper] (ServerService Thread Pool -- 23) HHH000204: Processing PersistenceUnitInfo [
	name: default
	...]
2017-02-17 16:27:44,714 INFO  [org.hibernate.Version] (ServerService Thread Pool -- 23) HHH000412: Hibernate Core {5.0.11.Final}
2017-02-17 16:27:44,718 INFO  [org.hibernate.cfg.Environment] (ServerService Thread Pool -- 23) HHH000206: hibernate.properties not found
2017-02-17 16:27:44,721 INFO  [org.hibernate.cfg.Environment] (ServerService Thread Pool -- 23) HHH000021: Bytecode provider name : javassist
2017-02-17 16:27:44,788 INFO  [org.hibernate.annotations.common.Version] (ServerService Thread Pool -- 23) HCANN000001: Hibernate Commons Annotations {5.0.1.Final}
2017-02-17 16:27:44,931 INFO  [org.hibernate.dialect.Dialect] (ServerService Thread Pool -- 23) HHH000400: Using dialect: org.hibernate.dialect.PostgreSQLDialect
2017-02-17 16:27:45,245 INFO  [org.hibernate.engine.jdbc.env.internal.LobCreatorBuilderImpl] (ServerService Thread Pool -- 23) HHH000424: Disabling contextual LOB creation as createClob() method threw error : java.lang.reflect.InvocationTargetException
2017-02-17 16:27:45,247 INFO  [org.hibernate.type.BasicTypeRegistry] (ServerService Thread Pool -- 23) HHH000270: Type registration [java.util.UUID] overrides previous : org.hibernate.type.UUIDBinaryType@731677aa
2017-02-17 16:27:45,796 INFO  [org.hibernate.tool.hbm2ddl.SchemaValidator] (ServerService Thread Pool -- 23) HHH000229: Running schema validator
2017-02-17 16:27:45,882 INFO  [org.springframework.orm.jpa.LocalContainerEntityManagerFactoryBean] (ServerService Thread Pool -- 23) Initialized JPA EntityManagerFactory for persistence unit 'default'
2017-02-17 16:27:47,112 INFO  [org.springframework.web.servlet.mvc.method.annotation.RequestMappingHandlerAdapter] (ServerService Thread Pool -- 23) Looking for @ControllerAdvice: org.springframework.boot.context.embedded.AnnotationConfigEmbeddedWebApplicationContext@6c5bbc8: startup date [Fri Feb 17 16:27:39 GMT 2017]; root of context hierarchy
2017-02-17 16:27:47,207 INFO  [org.springframework.web.servlet.mvc.method.annotation.RequestMappingHandlerMapping] (ServerService Thread Pool -- 23) Mapped "{[/employees],methods=[POST]}" onto public something.employee.Employee something.employee.EmployeeController.addEmployee(something.employee.Employee)
2017-02-17 16:27:47,208 INFO  [org.springframework.web.servlet.mvc.method.annotation.RequestMappingHandlerMapping] (ServerService Thread Pool -- 23) Mapped "{[/employees/{id}],methods=[DELETE]}" onto public java.lang.String something.employee.EmployeeController.removeEmployee(long)
2017-02-17 16:27:47,209 INFO  [org.springframework.web.servlet.mvc.method.annotation.RequestMappingHandlerMapping] (ServerService Thread Pool -- 23) Mapped "{[/employees/{id}],methods=[PUT]}" onto public java.lang.String something.employee.EmployeeController.replaceEmployee(long,something.employee.Employee)
2017-02-17 16:27:47,209 INFO  [org.springframework.web.servlet.mvc.method.annotation.RequestMappingHandlerMapping] (ServerService Thread Pool -- 23) Mapped "{[/employees/{id}],methods=[GET]}" onto public something.employee.Employee something.employee.EmployeeController.getEmployee(long)
2017-02-17 16:27:47,209 INFO  [org.springframework.web.servlet.mvc.method.annotation.RequestMappingHandlerMapping] (ServerService Thread Pool -- 23) Mapped "{[/employees]}" onto public java.util.List something.employee.EmployeeController.getEmployees()
2017-02-17 16:27:47,212 INFO  [org.springframework.web.servlet.mvc.method.annotation.RequestMappingHandlerMapping] (ServerService Thread Pool -- 23) Mapped "{[/error]}" onto public org.springframework.http.ResponseEntity<java.util.Map<java.lang.String, java.lang.Object>> org.springframework.boot.autoconfigure.web.BasicErrorController.error(javax.servlet.http.HttpServletRequest)
2017-02-17 16:27:47,213 INFO  [org.springframework.web.servlet.mvc.method.annotation.RequestMappingHandlerMapping] (ServerService Thread Pool -- 23) Mapped "{[/error],produces=[text/html]}" onto public org.springframework.web.servlet.ModelAndView org.springframework.boot.autoconfigure.web.BasicErrorController.errorHtml(javax.servlet.http.HttpServletRequest,javax.servlet.http.HttpServletResponse)
2017-02-17 16:27:47,257 INFO  [org.springframework.web.servlet.handler.SimpleUrlHandlerMapping] (ServerService Thread Pool -- 23) Mapped URL path [/webjars/**] onto handler of type [class org.springframework.web.servlet.resource.ResourceHttpRequestHandler]
2017-02-17 16:27:47,258 INFO  [org.springframework.web.servlet.handler.SimpleUrlHandlerMapping] (ServerService Thread Pool -- 23) Mapped URL path [/**] onto handler of type [class org.springframework.web.servlet.resource.ResourceHttpRequestHandler]
2017-02-17 16:27:47,362 INFO  [org.springframework.web.servlet.handler.SimpleUrlHandlerMapping] (ServerService Thread Pool -- 23) Mapped URL path [/**/favicon.ico] onto handler of type [class org.springframework.web.servlet.resource.ResourceHttpRequestHandler]
2017-02-17 16:27:47,935 INFO  [org.springframework.jmx.export.annotation.AnnotationMBeanExporter] (ServerService Thread Pool -- 23) Registering beans for JMX exposure on startup
2017-02-17 16:27:47,972 INFO  [something.Application] (ServerService Thread Pool -- 23) Started Application in 9.318 seconds (JVM running for 26.074)
2017-02-17 16:27:48,211 INFO  [javax.enterprise.resource.webcontainer.jsf.config] (ServerService Thread Pool -- 23) Initializing Mojarra 2.2.13.SP1 20160303-1204 for context '/shiftyspring-1.0-SNAPSHOT'
2017-02-17 16:27:51,943 INFO  [org.wildfly.extension.undertow] (ServerService Thread Pool -- 23) WFLYUT0021: Registered web context: /shiftyspring-1.0-SNAPSHOT
2017-02-17 16:27:52,058 INFO  [org.jboss.as.server] (management-handler-thread - 2) WFLYSRV0010: Deployed "shiftyspring-1.0-SNAPSHOT.war" (runtime-name : "shiftyspring-1.0-SNAPSHOT.war")
2017-02-17 16:28:06,507 INFO  [org.springframework.boot.context.embedded.AnnotationConfigEmbeddedWebApplicationContext] (Thread-100) Closing org.springframework.boot.context.embedded.AnnotationConfigEmbeddedWebApplicationContext@6c5bbc8: startup date [Fri Feb 17 16:27:39 GMT 2017]; root of context hierarchy
2017-02-17 16:28:06,511 INFO  [org.jboss.as.server] (Thread-2) WFLYSRV0220: Server shutdown has been requested via an OS signal
2017-02-17 16:28:06,511 INFO  [org.springframework.jmx.export.annotation.AnnotationMBeanExporter] (Thread-100) Unregistering JMX-exposed beans on shutdown
2017-02-17 16:28:06,514 INFO  [org.springframework.orm.jpa.LocalContainerEntityManagerFactoryBean] (Thread-100) Closing JPA EntityManagerFactory for persistence unit 'default'
2017-02-17 16:28:06,547 INFO  [org.jboss.as.connector.deployers.jdbc] (MSC service thread 1-4) WFLYJCA0019: Stopped Driver service with driver-name = shiftyspring-1.0-SNAPSHOT.war_org.postgresql.Driver_9_2
2017-02-17 16:28:06,547 INFO  [org.jboss.as.connector.deployers.jdbc] (MSC service thread 1-2) WFLYJCA0019: Stopped Driver service with driver-name = shiftyspring-1.0-SNAPSHOT.war_org.h2.Driver_1_4
2017-02-17 16:28:06,578 INFO  [org.wildfly.extension.undertow] (ServerService Thread Pool -- 23) WFLYUT0022: Unregistered web context: /shiftyspring-1.0-SNAPSHOT
2017-02-17 16:28:06,584 INFO  [io.undertow.servlet] (ServerService Thread Pool -- 23) Closing Spring root WebApplicationContext
2017-02-17 16:28:06,617 INFO  [org.wildfly.extension.undertow] (MSC service thread 1-6) WFLYUT0019: Host default-host stopping
2017-02-17 16:28:06,650 INFO  [org.jboss.as.connector.subsystems.datasources] (MSC service thread 1-8) WFLYJCA0010: Unbound data source [java:jboss/datasources/ExampleDS]
2017-02-17 16:28:06,661 INFO  [org.jboss.as.connector.deployers.jdbc] (MSC service thread 1-7) WFLYJCA0019: Stopped Driver service with driver-name = h2
2017-02-17 16:28:06,675 INFO  [org.wildfly.extension.undertow] (MSC service thread 1-7) WFLYUT0008: Undertow HTTP listener default suspending
2017-02-17 16:28:06,675 INFO  [org.wildfly.extension.undertow] (MSC service thread 1-3) WFLYUT0008: Undertow HTTPS listener https suspending
2017-02-17 16:28:06,676 INFO  [org.wildfly.extension.undertow] (MSC service thread 1-7) WFLYUT0007: Undertow HTTP listener default stopped, was bound to 127.0.0.1:8080
2017-02-17 16:28:06,677 INFO  [org.wildfly.extension.undertow] (MSC service thread 1-3) WFLYUT0007: Undertow HTTPS listener https stopped, was bound to 127.0.0.1:8443
2017-02-17 16:28:06,679 INFO  [org.wildfly.extension.undertow] (MSC service thread 1-8) WFLYUT0004: Undertow 1.4.0.Final stopping
2017-02-17 16:28:06,808 INFO  [org.jboss.as.server.deployment] (MSC service thread 1-2) WFLYSRV0028: Stopped deployment shiftyspring-1.0-SNAPSHOT.war (runtime-name: shiftyspring-1.0-SNAPSHOT.war) in 275ms
2017-02-17 16:28:06,815 INFO  [org.jboss.as] (MSC service thread 1-7) WFLYSRV0050: WildFly Full 10.1.0.Final (WildFly Core 2.2.0.Final) stopped in 245ms
